<?xml version="1.0" encoding="UTF-8"?>
<testsuite xmlns:xsi="http://www.w3.org/2001/XMLSchema-instance" xsi:noNamespaceSchemaLocation="https://maven.apache.org/surefire/maven-surefire-plugin/xsd/surefire-test-report-3.0.xsd" version="3.0" name="TestSuite" time="34.92" tests="2" errors="0" skipped="0" failures="2">
  <properties>
    <property name="sun.desktop" value="windows"/>
    <property name="awt.toolkit" value="sun.awt.windows.WToolkit"/>
    <property name="java.specification.version" value="11"/>
    <property name="webdriver.chrome.driver" value="D:\chromedriver.exe"/>
    <property name="sun.cpu.isalist" value="amd64"/>
    <property name="sun.jnu.encoding" value="Cp1252"/>
    <property name="java.class.path" value="D:\Whizdom-Trainings\Online Training Workspace\March2021\ZOHOCucumberPOM\target\test-classes;D:\Whizdom-Trainings\Online Training Workspace\March2021\ZOHOCucumberPOM\target\classes;C:\Users\info\.m2\repository\io\cucumber\cucumber-java\6.8.2\cucumber-java-6.8.2.jar;C:\Users\info\.m2\repository\io\cucumber\cucumber-core\6.8.2\cucumber-core-6.8.2.jar;C:\Users\info\.m2\repository\io\cucumber\cucumber-gherkin\6.8.2\cucumber-gherkin-6.8.2.jar;C:\Users\info\.m2\repository\io\cucumber\cucumber-gherkin-messages\6.8.2\cucumber-gherkin-messages-6.8.2.jar;C:\Users\info\.m2\repository\io\cucumber\messages\13.1.0\messages-13.1.0.jar;C:\Users\info\.m2\repository\io\cucumber\tag-expressions\3.0.0\tag-expressions-3.0.0.jar;C:\Users\info\.m2\repository\io\cucumber\cucumber-expressions\10.3.0\cucumber-expressions-10.3.0.jar;C:\Users\info\.m2\repository\io\cucumber\datatable\3.5.0\datatable-3.5.0.jar;C:\Users\info\.m2\repository\io\cucumber\cucumber-plugin\6.8.2\cucumber-plugin-6.8.2.jar;C:\Users\info\.m2\repository\io\cucumber\docstring\6.8.2\docstring-6.8.2.jar;C:\Users\info\.m2\repository\io\cucumber\html-formatter\9.0.0\html-formatter-9.0.0.jar;C:\Users\info\.m2\repository\io\cucumber\create-meta\2.0.4\create-meta-2.0.4.jar;C:\Users\info\.m2\repository\org\apiguardian\apiguardian-api\1.1.0\apiguardian-api-1.1.0.jar;C:\Users\info\.m2\repository\io\cucumber\cucumber-picocontainer\6.8.2\cucumber-picocontainer-6.8.2.jar;C:\Users\info\.m2\repository\org\picocontainer\picocontainer\2.15\picocontainer-2.15.jar;C:\Users\info\.m2\repository\io\cucumber\cucumber-testng\6.8.2\cucumber-testng-6.8.2.jar;C:\Users\info\.m2\repository\org\testng\testng\7.1.0\testng-7.1.0.jar;C:\Users\info\.m2\repository\com\beust\jcommander\1.72\jcommander-1.72.jar;C:\Users\info\.m2\repository\com\google\inject\guice\4.1.0\guice-4.1.0-no_aop.jar;C:\Users\info\.m2\repository\javax\inject\javax.inject\1\javax.inject-1.jar;C:\Users\info\.m2\repository\aopalliance\aopalliance\1.0\aopalliance-1.0.jar;C:\Users\info\.m2\repository\org\yaml\snakeyaml\1.21\snakeyaml-1.21.jar;C:\Users\info\.m2\repository\org\seleniumhq\selenium\selenium-java\3.141.59\selenium-java-3.141.59.jar;C:\Users\info\.m2\repository\org\seleniumhq\selenium\selenium-api\3.141.59\selenium-api-3.141.59.jar;C:\Users\info\.m2\repository\org\seleniumhq\selenium\selenium-chrome-driver\3.141.59\selenium-chrome-driver-3.141.59.jar;C:\Users\info\.m2\repository\org\seleniumhq\selenium\selenium-edge-driver\3.141.59\selenium-edge-driver-3.141.59.jar;C:\Users\info\.m2\repository\org\seleniumhq\selenium\selenium-firefox-driver\3.141.59\selenium-firefox-driver-3.141.59.jar;C:\Users\info\.m2\repository\org\seleniumhq\selenium\selenium-ie-driver\3.141.59\selenium-ie-driver-3.141.59.jar;C:\Users\info\.m2\repository\org\seleniumhq\selenium\selenium-opera-driver\3.141.59\selenium-opera-driver-3.141.59.jar;C:\Users\info\.m2\repository\org\seleniumhq\selenium\selenium-remote-driver\3.141.59\selenium-remote-driver-3.141.59.jar;C:\Users\info\.m2\repository\org\seleniumhq\selenium\selenium-safari-driver\3.141.59\selenium-safari-driver-3.141.59.jar;C:\Users\info\.m2\repository\org\seleniumhq\selenium\selenium-support\3.141.59\selenium-support-3.141.59.jar;C:\Users\info\.m2\repository\net\bytebuddy\byte-buddy\1.8.15\byte-buddy-1.8.15.jar;C:\Users\info\.m2\repository\org\apache\commons\commons-exec\1.3\commons-exec-1.3.jar;C:\Users\info\.m2\repository\com\google\guava\guava\25.0-jre\guava-25.0-jre.jar;C:\Users\info\.m2\repository\com\google\code\findbugs\jsr305\1.3.9\jsr305-1.3.9.jar;C:\Users\info\.m2\repository\org\checkerframework\checker-compat-qual\2.0.0\checker-compat-qual-2.0.0.jar;C:\Users\info\.m2\repository\com\google\errorprone\error_prone_annotations\2.1.3\error_prone_annotations-2.1.3.jar;C:\Users\info\.m2\repository\com\google\j2objc\j2objc-annotations\1.1\j2objc-annotations-1.1.jar;C:\Users\info\.m2\repository\org\codehaus\mojo\animal-sniffer-annotations\1.14\animal-sniffer-annotations-1.14.jar;C:\Users\info\.m2\repository\com\squareup\okhttp3\okhttp\3.11.0\okhttp-3.11.0.jar;C:\Users\info\.m2\repository\com\squareup\okio\okio\1.14.0\okio-1.14.0.jar;C:\Users\info\.m2\repository\com\aventstack\extentreports\5.0.4\extentreports-5.0.4.jar;C:\Users\info\.m2\repository\io\reactivex\rxjava3\rxjava\3.0.4\rxjava-3.0.4.jar;C:\Users\info\.m2\repository\org\reactivestreams\reactive-streams\1.0.3\reactive-streams-1.0.3.jar;C:\Users\info\.m2\repository\org\freemarker\freemarker\2.3.30\freemarker-2.3.30.jar;C:\Users\info\.m2\repository\org\projectlombok\lombok\1.18.12\lombok-1.18.12.jar;C:\Users\info\.m2\repository\com\google\code\gson\gson\2.8.6\gson-2.8.6.jar;"/>
    <property name="java.vm.vendor" value="Oracle Corporation"/>
    <property name="sun.arch.data.model" value="64"/>
    <property name="user.variant" value=""/>
    <property name="java.vendor.url" value="https://openjdk.java.net/"/>
    <property name="user.timezone" value="Asia/Calcutta"/>
    <property name="java.vm.specification.version" value="11"/>
    <property name="os.name" value="Windows 10"/>
    <property name="sun.java.launcher" value="SUN_STANDARD"/>
    <property name="user.country" value="IN"/>
    <property name="sun.boot.library.path" value="C:\Program Files\Java\jdk-11.0.10\bin"/>
    <property name="sun.java.command" value="C:\Users\info\AppData\Local\Temp\surefire15175654894471541376\surefirebooter13216993652604894286.jar C:\Users\info\AppData\Local\Temp\surefire15175654894471541376 2021-05-04T08-34-09_165-jvmRun1 surefire8107734307293036138tmp surefire_02362814978122622805tmp"/>
    <property name="jdk.debug" value="release"/>
    <property name="surefire.test.class.path" value="D:\Whizdom-Trainings\Online Training Workspace\March2021\ZOHOCucumberPOM\target\test-classes;D:\Whizdom-Trainings\Online Training Workspace\March2021\ZOHOCucumberPOM\target\classes;C:\Users\info\.m2\repository\io\cucumber\cucumber-java\6.8.2\cucumber-java-6.8.2.jar;C:\Users\info\.m2\repository\io\cucumber\cucumber-core\6.8.2\cucumber-core-6.8.2.jar;C:\Users\info\.m2\repository\io\cucumber\cucumber-gherkin\6.8.2\cucumber-gherkin-6.8.2.jar;C:\Users\info\.m2\repository\io\cucumber\cucumber-gherkin-messages\6.8.2\cucumber-gherkin-messages-6.8.2.jar;C:\Users\info\.m2\repository\io\cucumber\messages\13.1.0\messages-13.1.0.jar;C:\Users\info\.m2\repository\io\cucumber\tag-expressions\3.0.0\tag-expressions-3.0.0.jar;C:\Users\info\.m2\repository\io\cucumber\cucumber-expressions\10.3.0\cucumber-expressions-10.3.0.jar;C:\Users\info\.m2\repository\io\cucumber\datatable\3.5.0\datatable-3.5.0.jar;C:\Users\info\.m2\repository\io\cucumber\cucumber-plugin\6.8.2\cucumber-plugin-6.8.2.jar;C:\Users\info\.m2\repository\io\cucumber\docstring\6.8.2\docstring-6.8.2.jar;C:\Users\info\.m2\repository\io\cucumber\html-formatter\9.0.0\html-formatter-9.0.0.jar;C:\Users\info\.m2\repository\io\cucumber\create-meta\2.0.4\create-meta-2.0.4.jar;C:\Users\info\.m2\repository\org\apiguardian\apiguardian-api\1.1.0\apiguardian-api-1.1.0.jar;C:\Users\info\.m2\repository\io\cucumber\cucumber-picocontainer\6.8.2\cucumber-picocontainer-6.8.2.jar;C:\Users\info\.m2\repository\org\picocontainer\picocontainer\2.15\picocontainer-2.15.jar;C:\Users\info\.m2\repository\io\cucumber\cucumber-testng\6.8.2\cucumber-testng-6.8.2.jar;C:\Users\info\.m2\repository\org\testng\testng\7.1.0\testng-7.1.0.jar;C:\Users\info\.m2\repository\com\beust\jcommander\1.72\jcommander-1.72.jar;C:\Users\info\.m2\repository\com\google\inject\guice\4.1.0\guice-4.1.0-no_aop.jar;C:\Users\info\.m2\repository\javax\inject\javax.inject\1\javax.inject-1.jar;C:\Users\info\.m2\repository\aopalliance\aopalliance\1.0\aopalliance-1.0.jar;C:\Users\info\.m2\repository\org\yaml\snakeyaml\1.21\snakeyaml-1.21.jar;C:\Users\info\.m2\repository\org\seleniumhq\selenium\selenium-java\3.141.59\selenium-java-3.141.59.jar;C:\Users\info\.m2\repository\org\seleniumhq\selenium\selenium-api\3.141.59\selenium-api-3.141.59.jar;C:\Users\info\.m2\repository\org\seleniumhq\selenium\selenium-chrome-driver\3.141.59\selenium-chrome-driver-3.141.59.jar;C:\Users\info\.m2\repository\org\seleniumhq\selenium\selenium-edge-driver\3.141.59\selenium-edge-driver-3.141.59.jar;C:\Users\info\.m2\repository\org\seleniumhq\selenium\selenium-firefox-driver\3.141.59\selenium-firefox-driver-3.141.59.jar;C:\Users\info\.m2\repository\org\seleniumhq\selenium\selenium-ie-driver\3.141.59\selenium-ie-driver-3.141.59.jar;C:\Users\info\.m2\repository\org\seleniumhq\selenium\selenium-opera-driver\3.141.59\selenium-opera-driver-3.141.59.jar;C:\Users\info\.m2\repository\org\seleniumhq\selenium\selenium-remote-driver\3.141.59\selenium-remote-driver-3.141.59.jar;C:\Users\info\.m2\repository\org\seleniumhq\selenium\selenium-safari-driver\3.141.59\selenium-safari-driver-3.141.59.jar;C:\Users\info\.m2\repository\org\seleniumhq\selenium\selenium-support\3.141.59\selenium-support-3.141.59.jar;C:\Users\info\.m2\repository\net\bytebuddy\byte-buddy\1.8.15\byte-buddy-1.8.15.jar;C:\Users\info\.m2\repository\org\apache\commons\commons-exec\1.3\commons-exec-1.3.jar;C:\Users\info\.m2\repository\com\google\guava\guava\25.0-jre\guava-25.0-jre.jar;C:\Users\info\.m2\repository\com\google\code\findbugs\jsr305\1.3.9\jsr305-1.3.9.jar;C:\Users\info\.m2\repository\org\checkerframework\checker-compat-qual\2.0.0\checker-compat-qual-2.0.0.jar;C:\Users\info\.m2\repository\com\google\errorprone\error_prone_annotations\2.1.3\error_prone_annotations-2.1.3.jar;C:\Users\info\.m2\repository\com\google\j2objc\j2objc-annotations\1.1\j2objc-annotations-1.1.jar;C:\Users\info\.m2\repository\org\codehaus\mojo\animal-sniffer-annotations\1.14\animal-sniffer-annotations-1.14.jar;C:\Users\info\.m2\repository\com\squareup\okhttp3\okhttp\3.11.0\okhttp-3.11.0.jar;C:\Users\info\.m2\repository\com\squareup\okio\okio\1.14.0\okio-1.14.0.jar;C:\Users\info\.m2\repository\com\aventstack\extentreports\5.0.4\extentreports-5.0.4.jar;C:\Users\info\.m2\repository\io\reactivex\rxjava3\rxjava\3.0.4\rxjava-3.0.4.jar;C:\Users\info\.m2\repository\org\reactivestreams\reactive-streams\1.0.3\reactive-streams-1.0.3.jar;C:\Users\info\.m2\repository\org\freemarker\freemarker\2.3.30\freemarker-2.3.30.jar;C:\Users\info\.m2\repository\org\projectlombok\lombok\1.18.12\lombok-1.18.12.jar;C:\Users\info\.m2\repository\com\google\code\gson\gson\2.8.6\gson-2.8.6.jar;"/>
    <property name="sun.cpu.endian" value="little"/>
    <property name="user.home" value="C:\Users\info"/>
    <property name="user.language" value="en"/>
    <property name="java.specification.vendor" value="Oracle Corporation"/>
    <property name="java.version.date" value="2021-01-19"/>
    <property name="java.home" value="C:\Program Files\Java\jdk-11.0.10"/>
    <property name="file.separator" value="\"/>
    <property name="basedir" value="D:\Whizdom-Trainings\Online Training Workspace\March2021\ZOHOCucumberPOM"/>
    <property name="java.vm.compressedOopsMode" value="32-bit"/>
    <property name="line.separator" value="&#10;"/>
    <property name="java.specification.name" value="Java Platform API Specification"/>
    <property name="java.vm.specification.vendor" value="Oracle Corporation"/>
    <property name="java.awt.graphicsenv" value="sun.awt.Win32GraphicsEnvironment"/>
    <property name="surefire.real.class.path" value="C:\Users\info\AppData\Local\Temp\surefire15175654894471541376\surefirebooter13216993652604894286.jar"/>
    <property name="user.script" value=""/>
    <property name="sun.management.compiler" value="HotSpot 64-Bit Tiered Compilers"/>
    <property name="java.runtime.version" value="11.0.10+8-LTS-162"/>
    <property name="user.name" value="info"/>
    <property name="path.separator" value=";"/>
    <property name="os.version" value="10.0"/>
    <property name="java.runtime.name" value="Java(TM) SE Runtime Environment"/>
    <property name="file.encoding" value="Cp1252"/>
    <property name="java.vm.name" value="Java HotSpot(TM) 64-Bit Server VM"/>
    <property name="java.vendor.version" value="18.9"/>
    <property name="localRepository" value="C:\Users\info\.m2\repository"/>
    <property name="java.vendor.url.bug" value="https://bugreport.java.com/bugreport/"/>
    <property name="java.io.tmpdir" value="C:\Users\info\AppData\Local\Temp\"/>
    <property name="java.version" value="11.0.10"/>
    <property name="user.dir" value="D:\Whizdom-Trainings\Online Training Workspace\March2021\ZOHOCucumberPOM"/>
    <property name="os.arch" value="amd64"/>
    <property name="java.vm.specification.name" value="Java Virtual Machine Specification"/>
    <property name="java.awt.printerjob" value="sun.awt.windows.WPrinterJob"/>
    <property name="sun.os.patch.level" value=""/>
    <property name="java.library.path" value="C:\Program Files\Java\jdk-11.0.10\bin;C:\Windows\Sun\Java\bin;C:\Windows\system32;C:\Windows;C:\Program Files\Common Files\Oracle\Java\javapath;C:\Windows\system32;C:\Windows;C:\Windows\System32\Wbem;C:\Windows\System32\WindowsPowerShell\v1.0\;C:\Windows\System32\OpenSSH\;C:\Program Files\Intel\WiFi\bin\;C:\Program Files\Common Files\Intel\WirelessCommon\;D:\Common\Softwares\My Softwares1\apache-maven-3.6.2\bin;C:\Program Files\Git\cmd;C:\Users\info\AppData\Local\Android\Sdk\platform-tools;C:\Users\info\AppData\Local\Android\Sdk\tools;C:\Users\info\AppData\Local\Android\Sdk\platforms;C:\Program Files\nodejs\;C:\Android;C:\Windows\System32;C:\Program Files\PuTTY\;C:\Program Files\Docker\Docker\resources\bin;C:\ProgramData\DockerDesktop\version-bin;D:\Common\Softwares\My softwares\ffmpeg\ffmpeg\ffmpeg\bin;C:\Program Files\Java\jdk-11.0.10\bin;D:\drivers;C:\Users\info\AppData\Local\Microsoft\WindowsApps;C:\Program Files\Intel\WiFi\bin\;C:\Program Files\Common Files\Intel\WirelessCommon\;C:\Users\info\AppData\Roaming\npm;C:\Users\info\AppData\Local\Programs\Microsoft VS Code\bin;C:\Program Files\JetBrains\IntelliJ IDEA 2020.3.2\bin;;."/>
    <property name="java.vendor" value="Oracle Corporation"/>
    <property name="java.vm.info" value="mixed mode"/>
    <property name="java.vm.version" value="11.0.10+8-LTS-162"/>
    <property name="sun.io.unicode.encoding" value="UnicodeLittle"/>
    <property name="java.class.version" value="55.0"/>
  </properties>
  <testcase name="runScenario" classname="zoho.runner.MyRunner" time="22.12">
    <failure message="session not created&#10;from disconnected: received Inspector.detached event&#10;  (Session info: chrome=90.0.4430.93)&#10;Build info: version: &apos;3.141.59&apos;, revision: &apos;e82be7d358&apos;, time: &apos;2018-11-14T08:17:03&apos;&#10;System info: host: &apos;DESKTOP-RTOOT5Q&apos;, ip: &apos;192.168.1.5&apos;, os.name: &apos;Windows 10&apos;, os.arch: &apos;amd64&apos;, os.version: &apos;10.0&apos;, java.version: &apos;11.0.10&apos;&#10;Driver info: driver.version: ChromeDriver&#10;remote stacktrace: Backtrace:&#10;	Ordinal0 [0x0080E7D3+124883]&#10;	Ordinal0 [0x0080E7B1+124849]&#10;	GetHandleVerifier [0x00A58688+193832]&#10;	GetHandleVerifier [0x00A4CB71+145937]&#10;	GetHandleVerifier [0x00A4C7F9+145049]&#10;	GetHandleVerifier [0x00A4BF7D+142877]&#10;	GetHandleVerifier [0x00A4B45E+140030]&#10;	GetHandleVerifier [0x00A4B6E6+140678]&#10;	GetHandleVerifier [0x00A4B025+138949]&#10;	GetHandleVerifier [0x00A54679+177433]&#10;	GetHandleVerifier [0x00A4AFE1+138881]&#10;	GetHandleVerifier [0x00A4BD62+142338]&#10;	GetHandleVerifier [0x00A4B45E+140030]&#10;	GetHandleVerifier [0x00A4B6E6+140678]&#10;	GetHandleVerifier [0x00A4B025+138949]&#10;	GetHandleVerifier [0x00A52A0A+170154]&#10;	GetHandleVerifier [0x00A4AFE1+138881]&#10;	GetHandleVerifier [0x00A4BD62+142338]&#10;	GetHandleVerifier [0x00A4B45E+140030]&#10;	GetHandleVerifier [0x00A4B6E6+140678]&#10;	GetHandleVerifier [0x00A4B025+138949]&#10;	GetHandleVerifier [0x00A50D69+162825]&#10;	GetHandleVerifier [0x00A4AFE1+138881]&#10;	GetHandleVerifier [0x00A4BD62+142338]&#10;	GetHandleVerifier [0x00A4B45E+140030]&#10;	GetHandleVerifier [0x00A4B6E6+140678]&#10;	GetHandleVerifier [0x00A4B025+138949]&#10;	GetHandleVerifier [0x00A5017C+159772]&#10;	GetHandleVerifier [0x00A4AFE1+138881]&#10;	GetHandleVerifier [0x00A4BD62+142338]&#10;	GetHandleVerifier [0x00A4B45E+140030]&#10;	GetHandleVerifier [0x00A4B6E6+140678]&#10;	GetHandleVerifier [0x00A4B025+138949]&#10;	GetHandleVerifier [0x00A476ED+124301]&#10;	GetHandleVerifier [0x00A4AFE1+138881]&#10;	GetHandleVerifier [0x00A4AE03+138403]&#10;	GetHandleVerifier [0x00A4ABF7+137879]&#10;	GetHandleVerifier [0x00A59930+198608]&#10;	GetHandleVerifier [0x00A95758+443896]&#10;	GetHandleVerifier [0x00A947FC+439964]&#10;	GetHandleVerifier [0x00A9154B+426987]&#10;	GetHandleVerifier [0x00A74FFD+310941]&#10;	GetHandleVerifier [0x00A75D8E+314414]&#10;	GetHandleVerifier [0x00A75D19+314297]&#10;	GetHandleVerifier [0x00B331EC+1089676]&#10;	GetHandleVerifier [0x00B317C9+1082985]&#10;	GetHandleVerifier [0x00B313A3+1081923]&#10;	GetHandleVerifier [0x00C2D9FD+2115741]&#10;	Ordinal0 [0x0095B82E+1488942]&#10;	Ordinal0 [0x008F5A7D+1071741]&#10;	Ordinal0 [0x008F559B+1070491]&#10;	Ordinal0 [0x008F54B1+1070257]&#10;	Ordinal0 [0x0092FF53+1310547]&#10;	BaseThreadInitThunk [0x77806359+25]&#10;	RtlGetAppContainerNamedObjectPath [0x77C587A4+228]&#10;	RtlGetAppContainerNamedObjectPath [0x77C58774+180]&#10;" type="org.openqa.selenium.SessionNotCreatedException"><![CDATA[org.openqa.selenium.SessionNotCreatedException: 
session not created
from disconnected: received Inspector.detached event
  (Session info: chrome=90.0.4430.93)
Build info: version: '3.141.59', revision: 'e82be7d358', time: '2018-11-14T08:17:03'
System info: host: 'DESKTOP-RTOOT5Q', ip: '192.168.1.5', os.name: 'Windows 10', os.arch: 'amd64', os.version: '10.0', java.version: '11.0.10'
Driver info: driver.version: ChromeDriver
remote stacktrace: Backtrace:
	Ordinal0 [0x0080E7D3+124883]
	Ordinal0 [0x0080E7B1+124849]
	GetHandleVerifier [0x00A58688+193832]
	GetHandleVerifier [0x00A4CB71+145937]
	GetHandleVerifier [0x00A4C7F9+145049]
	GetHandleVerifier [0x00A4BF7D+142877]
	GetHandleVerifier [0x00A4B45E+140030]
	GetHandleVerifier [0x00A4B6E6+140678]
	GetHandleVerifier [0x00A4B025+138949]
	GetHandleVerifier [0x00A54679+177433]
	GetHandleVerifier [0x00A4AFE1+138881]
	GetHandleVerifier [0x00A4BD62+142338]
	GetHandleVerifier [0x00A4B45E+140030]
	GetHandleVerifier [0x00A4B6E6+140678]
	GetHandleVerifier [0x00A4B025+138949]
	GetHandleVerifier [0x00A52A0A+170154]
	GetHandleVerifier [0x00A4AFE1+138881]
	GetHandleVerifier [0x00A4BD62+142338]
	GetHandleVerifier [0x00A4B45E+140030]
	GetHandleVerifier [0x00A4B6E6+140678]
	GetHandleVerifier [0x00A4B025+138949]
	GetHandleVerifier [0x00A50D69+162825]
	GetHandleVerifier [0x00A4AFE1+138881]
	GetHandleVerifier [0x00A4BD62+142338]
	GetHandleVerifier [0x00A4B45E+140030]
	GetHandleVerifier [0x00A4B6E6+140678]
	GetHandleVerifier [0x00A4B025+138949]
	GetHandleVerifier [0x00A5017C+159772]
	GetHandleVerifier [0x00A4AFE1+138881]
	GetHandleVerifier [0x00A4BD62+142338]
	GetHandleVerifier [0x00A4B45E+140030]
	GetHandleVerifier [0x00A4B6E6+140678]
	GetHandleVerifier [0x00A4B025+138949]
	GetHandleVerifier [0x00A476ED+124301]
	GetHandleVerifier [0x00A4AFE1+138881]
	GetHandleVerifier [0x00A4AE03+138403]
	GetHandleVerifier [0x00A4ABF7+137879]
	GetHandleVerifier [0x00A59930+198608]
	GetHandleVerifier [0x00A95758+443896]
	GetHandleVerifier [0x00A947FC+439964]
	GetHandleVerifier [0x00A9154B+426987]
	GetHandleVerifier [0x00A74FFD+310941]
	GetHandleVerifier [0x00A75D8E+314414]
	GetHandleVerifier [0x00A75D19+314297]
	GetHandleVerifier [0x00B331EC+1089676]
	GetHandleVerifier [0x00B317C9+1082985]
	GetHandleVerifier [0x00B313A3+1081923]
	GetHandleVerifier [0x00C2D9FD+2115741]
	Ordinal0 [0x0095B82E+1488942]
	Ordinal0 [0x008F5A7D+1071741]
	Ordinal0 [0x008F559B+1070491]
	Ordinal0 [0x008F54B1+1070257]
	Ordinal0 [0x0092FF53+1310547]
	BaseThreadInitThunk [0x77806359+25]
	RtlGetAppContainerNamedObjectPath [0x77C587A4+228]
	RtlGetAppContainerNamedObjectPath [0x77C58774+180]

]]></failure>
    <system-out><![CDATA[Constructor TestContext
Constructor TestContext
D:\Whizdom-Trainings\Online Training Workspace\March2021\ZOHOCucumberPOM
D:\Whizdom-Trainings\Online Training Workspace\March2021\ZOHOCucumberPOM
Starting scenario Creation of a Lead
Starting scenario Deletion of the lead
I am logged in zoho.com
I am logged in zoho.com
Trying to load home page after launching browser
Open browser Chrome
Trying to load home page after launching browser
Open browser Chrome
Ending scenario Deletion of the lead
-------------------------------------------------
]]></system-out>
    <system-err><![CDATA[Starting ChromeDriver 89.0.4389.23 (61b08ee2c50024bab004e48d2b1b083cdbdac579-refs/branch-heads/4389@{#294}) on port 11583
Only local connections are allowed.
Please see https://chromedriver.chromium.org/security-considerations for suggestions on keeping ChromeDriver safe.
Starting ChromeDriver 89.0.4389.23 (61b08ee2c50024bab004e48d2b1b083cdbdac579-refs/branch-heads/4389@{#294}) on port 47615
Only local connections are allowed.
Please see https://chromedriver.chromium.org/security-considerations for suggestions on keeping ChromeDriver safe.
ChromeDriver was started successfully.
ChromeDriver was started successfully.
[1620097472.163][WARNING]: This version of ChromeDriver has not been tested with Chrome version 90.
[1620097472.326][WARNING]: This version of ChromeDriver has not been tested with Chrome version 90.
[1620097479.486][WARNING]: Timed out connecting to Chrome, retrying...
]]></system-err>
  </testcase>
  <testcase name="runScenario" classname="zoho.runner.MyRunner" time="29.314">
    <failure message="session not created&#10;from chrome not reachable&#10;  (Session info: chrome=90.0.4430.93)&#10;Build info: version: &apos;3.141.59&apos;, revision: &apos;e82be7d358&apos;, time: &apos;2018-11-14T08:17:03&apos;&#10;System info: host: &apos;DESKTOP-RTOOT5Q&apos;, ip: &apos;192.168.1.5&apos;, os.name: &apos;Windows 10&apos;, os.arch: &apos;amd64&apos;, os.version: &apos;10.0&apos;, java.version: &apos;11.0.10&apos;&#10;Driver info: driver.version: ChromeDriver&#10;remote stacktrace: Backtrace:&#10;	Ordinal0 [0x0080E7D3+124883]&#10;	Ordinal0 [0x0080E7B1+124849]&#10;	GetHandleVerifier [0x00A58530+193488]&#10;	GetHandleVerifier [0x00A4E424+152260]&#10;	GetHandleVerifier [0x00A4EAE6+153990]&#10;	GetHandleVerifier [0x00A4FDD5+158837]&#10;	GetHandleVerifier [0x00A4AC51+137969]&#10;	GetHandleVerifier [0x00A59930+198608]&#10;	GetHandleVerifier [0x00A95758+443896]&#10;	GetHandleVerifier [0x00A947FC+439964]&#10;	GetHandleVerifier [0x00A9154B+426987]&#10;	GetHandleVerifier [0x00A74FFD+310941]&#10;	GetHandleVerifier [0x00A75D8E+314414]&#10;	GetHandleVerifier [0x00A75D19+314297]&#10;	GetHandleVerifier [0x00B331EC+1089676]&#10;	GetHandleVerifier [0x00B317C9+1082985]&#10;	GetHandleVerifier [0x00B313A3+1081923]&#10;	GetHandleVerifier [0x00C2D9FD+2115741]&#10;	Ordinal0 [0x0095B82E+1488942]&#10;	Ordinal0 [0x008F5A7D+1071741]&#10;	Ordinal0 [0x008F559B+1070491]&#10;	Ordinal0 [0x008F54B1+1070257]&#10;	Ordinal0 [0x0092FF53+1310547]&#10;	BaseThreadInitThunk [0x77806359+25]&#10;	RtlGetAppContainerNamedObjectPath [0x77C587A4+228]&#10;	RtlGetAppContainerNamedObjectPath [0x77C58774+180]&#10;" type="org.openqa.selenium.SessionNotCreatedException"><![CDATA[org.openqa.selenium.SessionNotCreatedException: 
session not created
from chrome not reachable
  (Session info: chrome=90.0.4430.93)
Build info: version: '3.141.59', revision: 'e82be7d358', time: '2018-11-14T08:17:03'
System info: host: 'DESKTOP-RTOOT5Q', ip: '192.168.1.5', os.name: 'Windows 10', os.arch: 'amd64', os.version: '10.0', java.version: '11.0.10'
Driver info: driver.version: ChromeDriver
remote stacktrace: Backtrace:
	Ordinal0 [0x0080E7D3+124883]
	Ordinal0 [0x0080E7B1+124849]
	GetHandleVerifier [0x00A58530+193488]
	GetHandleVerifier [0x00A4E424+152260]
	GetHandleVerifier [0x00A4EAE6+153990]
	GetHandleVerifier [0x00A4FDD5+158837]
	GetHandleVerifier [0x00A4AC51+137969]
	GetHandleVerifier [0x00A59930+198608]
	GetHandleVerifier [0x00A95758+443896]
	GetHandleVerifier [0x00A947FC+439964]
	GetHandleVerifier [0x00A9154B+426987]
	GetHandleVerifier [0x00A74FFD+310941]
	GetHandleVerifier [0x00A75D8E+314414]
	GetHandleVerifier [0x00A75D19+314297]
	GetHandleVerifier [0x00B331EC+1089676]
	GetHandleVerifier [0x00B317C9+1082985]
	GetHandleVerifier [0x00B313A3+1081923]
	GetHandleVerifier [0x00C2D9FD+2115741]
	Ordinal0 [0x0095B82E+1488942]
	Ordinal0 [0x008F5A7D+1071741]
	Ordinal0 [0x008F559B+1070491]
	Ordinal0 [0x008F54B1+1070257]
	Ordinal0 [0x0092FF53+1310547]
	BaseThreadInitThunk [0x77806359+25]
	RtlGetAppContainerNamedObjectPath [0x77C587A4+228]
	RtlGetAppContainerNamedObjectPath [0x77C58774+180]

]]></failure>
    <system-out><![CDATA[Ending scenario Creation of a Lead
-------------------------------------------------
]]></system-out>
  </testcase>
</testsuite>